<?xml version="1.0" encoding="UTF-8"?>
<!-- Generated by org.testng.reporters.JUnitReportReporter -->
<testsuite skipped="0" hostname="LAPTOP-1TDA76TJ" name="com.shp.automation.test.uservalidation.UserLoginTest" tests="4" failures="0" timestamp="2021-03-30T21:01:32 PDT" time="17.600" errors="0">
  <testcase name="loginTest" time="5.337" classname="com.shp.automation.test.uservalidation.UserLoginTest"/>
  <system-out/>
  <testcase name="naviagateToLoginTest" time="0.310" classname="com.shp.automation.test.uservalidation.UserLoginTest"/>
  <system-out/>
  <testcase name="loginTest" time="5.468" classname="com.shp.automation.test.uservalidation.UserLoginTest"/>
  <system-out/>
  <testcase name="loginTest" time="6.485" classname="com.shp.automation.test.uservalidation.UserLoginTest"/>
  <system-out/>
</testsuite> <!-- com.shp.automation.test.uservalidation.UserLoginTest -->
