<?xml version="1.0" encoding="UTF-8"?>
<!-- Generated by org.testng.reporters.JUnitReportReporter -->
<testsuite skipped="0" hostname="LAPTOP-1TDA76TJ" name="com.shp.automation.utils.PropertyReader" tests="1" failures="0" timestamp="2020-11-05T16:55:17 PST" time="0.011" errors="0">
  <testcase name="propertyReader" time="0.011" classname="com.shp.automation.utils.PropertyReader"/>
  <system-out/>
</testsuite> <!-- com.shp.automation.utils.PropertyReader -->
