<?xml version="1.0" encoding="UTF-8"?>
<!-- Generated by org.testng.reporters.JUnitReportReporter -->
<testsuite skipped="0" hostname="LAPTOP-1TDA76TJ" name="com.shp.automation.test.register.RegisterSanityTest" tests="1" failures="0" timestamp="2021-03-30T21:01:32 PDT" time="8.203" errors="0">
  <testcase name="registerSanityTest" time="8.203" classname="com.shp.automation.test.register.RegisterSanityTest"/>
  <system-out/>
</testsuite> <!-- com.shp.automation.test.register.RegisterSanityTest -->
