<?xml version="1.0" encoding="UTF-8"?>
<!-- Generated by org.testng.reporters.JUnitReportReporter -->
<testsuite skipped="0" hostname="LAPTOP-1TDA76TJ" name="com.shp.automation.home.test.HeaderTest" tests="1" failures="0" timestamp="2021-03-30T21:01:32 PDT" time="0.492" errors="0">
  <testcase name="headerTest" time="0.492" classname="com.shp.automation.home.test.HeaderTest"/>
  <system-out/>
</testsuite> <!-- com.shp.automation.home.test.HeaderTest -->
