<?xml version="1.0" encoding="UTF-8"?>
<!-- Generated by org.testng.reporters.JUnitReportReporter -->
<testsuite skipped="0" hostname="LAPTOP-1TDA76TJ" name="com.shp.automation.home.test.HomeTest" tests="3" failures="0" timestamp="2021-03-30T21:01:32 PDT" time="0.248" errors="0">
  <testcase name="launchTest" time="0.006" classname="com.shp.automation.home.test.HomeTest"/>
  <system-out/>
  <testcase name="logoTest" time="0.035" classname="com.shp.automation.home.test.HomeTest"/>
  <system-out/>
  <testcase name="logoNavigationTest" time="0.207" classname="com.shp.automation.home.test.HomeTest"/>
  <system-out/>
</testsuite> <!-- com.shp.automation.home.test.HomeTest -->
