<?xml version="1.0" encoding="UTF-8"?>
<!-- Generated by org.testng.reporters.JUnitReportReporter -->
<testsuite skipped="0" hostname="LAPTOP-1TDA76TJ" name="com.shp.automation.test.register.RegisterFieldsTest" tests="6" failures="0" timestamp="2021-03-30T21:01:32 PDT" time="2.064" errors="0">
  <testcase name="isPhoneFieldPresent" time="0.082" classname="com.shp.automation.test.register.RegisterFieldsTest"/>
  <system-out/>
  <testcase name="isUsernamePresent" time="0.064" classname="com.shp.automation.test.register.RegisterFieldsTest"/>
  <system-out/>
  <testcase name="isEmailFieldPresent" time="0.101" classname="com.shp.automation.test.register.RegisterFieldsTest"/>
  <system-out/>
  <testcase name="isNameFieldPresent" time="0.083" classname="com.shp.automation.test.register.RegisterFieldsTest"/>
  <system-out/>
  <testcase name="isPasswordFieldPresent" time="1.057" classname="com.shp.automation.test.register.RegisterFieldsTest"/>
  <system-out/>
  <testcase name="navigateToRegisterPage" time="0.677" classname="com.shp.automation.test.register.RegisterFieldsTest"/>
  <system-out/>
</testsuite> <!-- com.shp.automation.test.register.RegisterFieldsTest -->
