<?xml version="1.0" encoding="UTF-8"?>
<!-- Generated by org.testng.reporters.JUnitReportReporter -->
<testsuite skipped="0" hostname="LAPTOP-1TDA76TJ" name="com.shp.automation.test.uservalidation.LoginSanityTest" tests="3" failures="0" timestamp="2021-03-30T21:01:32 PDT" time="0.376" errors="0">
  <testcase name="navigateToLoginTest" time="0.290" classname="com.shp.automation.test.uservalidation.LoginSanityTest"/>
  <system-out/>
  <testcase name="launchTest" time="0.036" classname="com.shp.automation.test.uservalidation.LoginSanityTest"/>
  <system-out/>
  <testcase name="loginLinkTest" time="0.050" classname="com.shp.automation.test.uservalidation.LoginSanityTest"/>
  <system-out/>
</testsuite> <!-- com.shp.automation.test.uservalidation.LoginSanityTest -->
