<?xml version="1.0" encoding="UTF-8"?>
<!-- Generated by org.testng.reporters.JUnitReportReporter -->
<testsuite skipped="0" hostname="LAPTOP-1TDA76TJ" name="com.shp.automation.test.uservalidation.LoginNegativeTest" tests="1" failures="0" timestamp="2021-03-30T21:01:32 PDT" time="4.155" errors="0">
  <testcase name="loginNegativeTest" time="4.155" classname="com.shp.automation.test.uservalidation.LoginNegativeTest"/>
  <system-out/>
</testsuite> <!-- com.shp.automation.test.uservalidation.LoginNegativeTest -->
