<?xml version="1.0" encoding="UTF-8"?>
<!-- Generated by org.testng.reporters.JUnitReportReporter -->
<testsuite skipped="0" hostname="LAPTOP-1TDA76TJ" name="com.training.automation.explicitwait.MiShoppingKartTest" tests="2" failures="0" timestamp="09 Oct 2020 03:05:11 GMT" time="22.334" errors="0">
  <testcase name="shoopingKartTest" time="11.498" classname="com.training.automation.explicitwait.MiShoppingKartTest"/>
  <testcase name="loginTest" time="10.836" classname="com.training.automation.explicitwait.MiShoppingKartTest"/>
</testsuite> <!-- com.training.automation.explicitwait.MiShoppingKartTest -->
