<?xml version="1.0" encoding="UTF-8"?>
<!-- Generated by org.testng.reporters.JUnitReportReporter -->
<testsuite skipped="0" hostname="LAPTOP-1TDA76TJ" name="com.training.automation.explicitwait.ExplicitWaitTest" tests="1" failures="0" timestamp="08 Oct 2020 21:06:24 GMT" time="54.794" errors="0">
  <testcase name="launchTest" time="54.794" classname="com.training.automation.explicitwait.ExplicitWaitTest"/>
</testsuite> <!-- com.training.automation.explicitwait.ExplicitWaitTest -->
