<?xml version="1.0" encoding="UTF-8"?>
<!-- Generated by org.testng.reporters.JUnitReportReporter -->
<testsuite skipped="0" hostname="LAPTOP-1TDA76TJ" name="com.training.automation.rest.assured.myFirstRestAssuredClass" tests="1" failures="0" timestamp="31 Mar 2021 03:59:20 GMT" time="1.663" errors="0">
  <testcase name="getResponseBody" time="1.663" classname="com.training.automation.rest.assured.myFirstRestAssuredClass"/>
</testsuite> <!-- com.training.automation.rest.assured.myFirstRestAssuredClass -->
